<?xml version="1.0" encoding="UTF-8" ?>
<testsuites>
 <testsuite name="Login Test Suite" timestamp="2017-09-17T23:51:19" hostname="localhost" time="3.562" errors="0" tests="1" skipped="0" disabled="0" failures="0">
  <testcase classname="Login Test Suite" name="Login" time="3.558" />
 </testsuite>
 <testsuite name="Mass Upload Test Suite" timestamp="2017-09-17T23:51:22" hostname="localhost" time="2.777" errors="0" tests="2" skipped="0" disabled="0" failures="0">
  <testcase classname="Mass Upload Test Suite" name="NavigateMassUploadPage" time="2.443" />
  <testcase classname="Mass Upload Test Suite" name="UploadFile" time="0.333" />
 </testsuite>
 <testsuite name="Product List Test Suite" timestamp="2017-09-17T23:51:25" hostname="localhost" time="2.71" errors="0" tests="2" skipped="0" disabled="0" failures="0">
  <testcase classname="Product List Test Suite" name="NavigateProductList" time="1.646" />
  <testcase classname="Product List Test Suite" name="SearchProductListByName" time="1.064" />
 </testsuite>
</testsuites>